<?xml version="1.0" encoding="UTF-8"?>
<testng-results ignored="0" total="1" passed="1" failed="0" skipped="0">
  <reporter-output>
  </reporter-output>
  <suite started-at="2024-02-23T09:26:57Z" name="Default suite" finished-at="2024-02-23T09:27:09Z" duration-ms="12226">
    <groups>
    </groups>
    <test started-at="2024-02-23T09:26:57Z" name="Default test" finished-at="2024-02-23T09:27:09Z" duration-ms="12226">
      <class name="org.Selenium.test.ATUsingTestNg">
        <test-method is-config="true" signature="preSetup()[pri:0, instance:org.Selenium.test.ATUsingTestNg@35432107]" started-at="2024-02-23T09:26:57Z" name="preSetup" finished-at="2024-02-23T09:27:08Z" duration-ms="11010" status="PASS">
          <reporter-output>
          </reporter-output>
        </test-method> <!-- preSetup -->
        <test-method signature="deleteAllCustomer()[pri:0, instance:org.Selenium.test.ATUsingTestNg@35432107]" started-at="2024-02-23T09:27:08Z" name="deleteAllCustomer" finished-at="2024-02-23T09:27:08Z" duration-ms="89" status="PASS">
          <reporter-output>
          </reporter-output>
        </test-method> <!-- deleteAllCustomer -->
        <test-method is-config="true" signature="postTestExecution(org.testng.ITestResult)[pri:0, instance:org.Selenium.test.ATUsingTestNg@35432107]" started-at="2024-02-23T09:27:08Z" name="postTestExecution" finished-at="2024-02-23T09:27:08Z" duration-ms="3" status="PASS">
          <params>
            <param index="0">
              <value>
                <![CDATA[[TestResult name=deleteAllCustomer status=SUCCESS method=ATUsingTestNg.deleteAllCustomer()[pri:0, instance:org.Selenium.test.ATUsingTestNg@35432107] output={null}]]]>
              </value>
            </param>
          </params>
          <reporter-output>
          </reporter-output>
        </test-method> <!-- postTestExecution -->
        <test-method is-config="true" signature="cleanup()[pri:0, instance:org.Selenium.test.ATUsingTestNg@35432107]" started-at="2024-02-23T09:27:08Z" name="cleanup" finished-at="2024-02-23T09:27:09Z" duration-ms="1083" status="PASS">
          <reporter-output>
          </reporter-output>
        </test-method> <!-- cleanup -->
      </class> <!-- org.Selenium.test.ATUsingTestNg -->
    </test> <!-- Default test -->
  </suite> <!-- Default suite -->
</testng-results>
