<?xml version="1.0" encoding="UTF-8"?>
<testng-results ignored="0" total="1" passed="1" failed="0" skipped="0">
  <reporter-output>
  </reporter-output>
  <suite started-at="2024-02-24T08:33:13Z" name="Default suite" finished-at="2024-02-24T08:33:13Z" duration-ms="86">
    <groups>
    </groups>
    <test started-at="2024-02-24T08:33:13Z" name="Default test" finished-at="2024-02-24T08:33:13Z" duration-ms="86">
      <class name="org.digisoft.training.Demo">
        <test-method is-config="true" signature="beforec()[pri:0, instance:org.digisoft.training.Demo@3e6104fc]" started-at="2024-02-24T08:33:13Z" name="beforec" finished-at="2024-02-24T08:33:13Z" duration-ms="29" status="PASS">
          <reporter-output>
          </reporter-output>
        </test-method> <!-- beforec -->
        <test-method is-config="true" signature="beforeclass()[pri:0, instance:org.digisoft.training.Demo@3e6104fc]" started-at="2024-02-24T08:33:13Z" name="beforeclass" finished-at="2024-02-24T08:33:13Z" duration-ms="0" status="PASS">
          <reporter-output>
          </reporter-output>
        </test-method> <!-- beforeclass -->
        <test-method is-config="true" signature="beforemethod()[pri:0, instance:org.digisoft.training.Demo@3e6104fc]" started-at="2024-02-24T08:33:13Z" name="beforemethod" finished-at="2024-02-24T08:33:13Z" duration-ms="1" status="PASS">
          <reporter-output>
          </reporter-output>
        </test-method> <!-- beforemethod -->
        <test-method signature="test1()[pri:1, instance:org.digisoft.training.Demo@3e6104fc]" started-at="2024-02-24T08:33:13Z" name="test1" finished-at="2024-02-24T08:33:13Z" duration-ms="9" status="PASS">
          <reporter-output>
          </reporter-output>
        </test-method> <!-- test1 -->
        <test-method is-config="true" signature="aftermethod()[pri:0, instance:org.digisoft.training.Demo@3e6104fc]" started-at="2024-02-24T08:33:13Z" name="aftermethod" finished-at="2024-02-24T08:33:13Z" duration-ms="1" status="PASS">
          <reporter-output>
          </reporter-output>
        </test-method> <!-- aftermethod -->
        <test-method is-config="true" signature="aftermethod2()[pri:0, instance:org.digisoft.training.Demo@3e6104fc]" started-at="2024-02-24T08:33:13Z" name="aftermethod2" finished-at="2024-02-24T08:33:13Z" duration-ms="0" status="PASS">
          <reporter-output>
          </reporter-output>
        </test-method> <!-- aftermethod2 -->
        <test-method is-config="true" signature="aferclass()[pri:0, instance:org.digisoft.training.Demo@3e6104fc]" started-at="2024-02-24T08:33:13Z" name="aferclass" finished-at="2024-02-24T08:33:13Z" duration-ms="1" status="PASS">
          <reporter-output>
          </reporter-output>
        </test-method> <!-- aferclass -->
        <test-method is-config="true" signature="aferct()[pri:0, instance:org.digisoft.training.Demo@3e6104fc]" started-at="2024-02-24T08:33:13Z" name="aferct" finished-at="2024-02-24T08:33:13Z" duration-ms="1" status="PASS">
          <reporter-output>
          </reporter-output>
        </test-method> <!-- aferct -->
      </class> <!-- org.digisoft.training.Demo -->
    </test> <!-- Default test -->
  </suite> <!-- Default suite -->
</testng-results>
